TN:
SF:src/modules/order/services/order.service.ts
FN:11,(anonymous_13)
FN:12,OrderService
FN:19,(anonymous_15)
FN:29,(anonymous_18)
FN:31,(anonymous_19)
FN:34,(anonymous_20)
FN:57,(anonymous_21)
FN:61,(anonymous_22)
FN:65,(anonymous_23)
FN:75,(anonymous_24)
FNF:10
FNH:10
FNDA:1,(anonymous_13)
FNDA:3,OrderService
FNDA:1,(anonymous_15)
FNDA:2,(anonymous_18)
FNDA:2,(anonymous_19)
FNDA:2,(anonymous_20)
FNDA:2,(anonymous_21)
FNDA:2,(anonymous_22)
FNDA:3,(anonymous_23)
FNDA:5,(anonymous_24)
DA:11,1
DA:13,3
DA:14,3
DA:15,3
DA:16,3
DA:19,1
DA:22,1
DA:23,1
DA:24,1
DA:25,0
DA:28,1
DA:29,2
DA:31,1
DA:32,2
DA:34,1
DA:35,2
DA:36,0
DA:38,2
DA:39,0
DA:43,1
DA:47,2
DA:48,2
DA:52,1
DA:55,1
DA:57,2
DA:61,1
DA:65,3
DA:66,2
DA:67,2
DA:75,1
DA:79,5
DA:80,0
DA:82,5
DA:84,1
LF:34
LH:30
BRDA:24,0,0,0
BRDA:24,0,1,1
BRDA:35,1,0,0
BRDA:35,1,1,2
BRDA:38,2,0,0
BRDA:38,2,1,2
BRDA:79,3,0,0
BRDA:79,3,1,5
BRF:8
BRH:4
end_of_record
